#
# There is insufficient memory for the Java Runtime Environment to continue.
# Native memory allocation (malloc) failed to allocate 62880 bytes. Error detail: Chunk::new
# Possible reasons:
#   The system is out of physical RAM or swap space
#   This process is running with CompressedOops enabled, and the Java Heap may be blocking the growth of the native heap
# Possible solutions:
#   Reduce memory load on the system
#   Increase physical memory or swap space
#   Check if swap backing store is full
#   Decrease Java heap size (-Xmx/-Xms)
#   Decrease number of Java threads
#   Decrease Java thread stack sizes (-Xss)
#   Set larger code cache with -XX:ReservedCodeCacheSize=
#   JVM is running with Unscaled Compressed Oops mode in which the Java heap is
#     placed in the first 4GB address space. The Java Heap base address is the
#     maximum limit for the native heap growth. Please use -XX:HeapBaseMinAddress
#     to set the Java Heap base and to place the Java Heap above 4GB virtual address.
# This output file may be truncated or incomplete.
#
#  Out of Memory Error (arena.cpp:191), pid=17932, tid=18704
#
# JRE version: OpenJDK Runtime Environment JBR-17.0.14+1-1367.22-nomod (17.0.14+1) (build 17.0.14+1-b1367.22)
# Java VM: OpenJDK 64-Bit Server VM JBR-17.0.14+1-1367.22-nomod (17.0.14+1-b1367.22, mixed mode, sharing, tiered, compressed oops, compressed class ptrs, g1 gc, windows-amd64)
# No core dump will be written. Minidumps are not enabled by default on client versions of Windows
#

---------------  S U M M A R Y ------------

Command Line: -javaagent:C:\Program Files\JetBrains\IntelliJ IDEA Community Edition 2023.3.6\New folder\New folder\IntelliJ IDEA Community Edition 2023.3.6\lib\idea_rt.jar=61557 -Dfile.encoding=UTF-8 com.xworkz.springboot_backend.SpringbootBackendApplication

Host: 11th Gen Intel(R) Core(TM) i5-11400H @ 2.70GHz, 12 cores, 7G,  Windows 11 , 64 bit Build 26100 (10.0.26100.5074)
Time: Tue Sep 16 09:59:20 2025 India Standard Time elapsed time: 8.846262 seconds (0d 0h 0m 8s)

---------------  T H R E A D  ---------------

Current thread (0x00000164a4c2a050):  JavaThread "C2 CompilerThread1" daemon [_thread_in_native, id=18704, stack(0x000000571ec00000,0x000000571ed00000)]


Current CompileTask:
C2:   8846 5142       4       org.springframework.core.annotation.TypeMappedAnnotations::get (52 bytes)

Stack: [0x000000571ec00000,0x000000571ed00000]
Native frames: (J=compiled Java code, j=interpreted, Vv=VM code, C=native code)
V  [jvm.dll+0x68b969]  os::platform_print_native_stack+0xd9  (os_windows_x86.cpp:235)
V  [jvm.dll+0x84572a]  VMError::report+0xc6a  (vmError.cpp:868)
V  [jvm.dll+0x8473ae]  VMError::report_and_die+0x78e  (vmError.cpp:1766)
V  [jvm.dll+0x847a13]  VMError::report_and_die+0x43  (vmError.cpp:1552)
V  [jvm.dll+0x24a83f]  report_vm_out_of_memory+0x8f  (debug.cpp:321)
V  [jvm.dll+0xaca04]  Chunk::operator new+0xb4  (arena.cpp:191)
V  [jvm.dll+0xad04c]  Arena::grow+0x3c  (arena.cpp:352)
V  [jvm.dll+0x22048d]  Compile::final_graph_reshaping+0x1ed  (compile.cpp:3731)
V  [jvm.dll+0x21e38f]  Compile::Optimize+0x133f  (compile.cpp:2317)
V  [jvm.dll+0x21b561]  Compile::Compile+0xd51  (compile.cpp:791)
V  [jvm.dll+0x1a6acd]  C2Compiler::compile_method+0xad  (c2compiler.cpp:112)
V  [jvm.dll+0x22b58e]  CompileBroker::invoke_compiler_on_method+0x82e  (compileBroker.cpp:2366)
V  [jvm.dll+0x2296d5]  CompileBroker::compiler_thread_loop+0x405  (compileBroker.cpp:2027)
V  [jvm.dll+0x7f9637]  JavaThread::run+0x147  (thread.cpp:1299)
V  [jvm.dll+0x7f3a1c]  Thread::call_run+0x8c  (thread.cpp:405)
V  [jvm.dll+0x68a7c7]  thread_native_entry+0x77  (os_windows.cpp:551)
C  [ucrtbase.dll+0x37b0]
C  [KERNEL32.DLL+0x2e8d7]
C  [ntdll.dll+0x8d9c]


---------------  P R O C E S S  ---------------

Threads class SMR info:
_java_thread_list=0x00000164a3616a60, length=21, elements={
0x0000016442101b70, 0x000001645bba9cc0, 0x000001645bbaa680, 0x000001645bbc0870,
0x000001645bbc1140, 0x000001645bbc1a10, 0x000001645bbc22e0, 0x000001645bbcafa0,
0x000001645c6c0090, 0x000001645c6c05b0, 0x000001645c7cd3a0, 0x000001645c9dc830,
0x000001645c9dcd10, 0x00000164a375fb70, 0x00000164a3760080, 0x00000164a37614c0,
0x00000164a3760590, 0x00000164a3762e10, 0x00000164a375f660, 0x00000164a4c2a050,
0x00000164a2b668b0
}

Java Threads: ( => current thread )
  0x0000016442101b70 JavaThread "main" [_thread_in_vm, id=25344, stack(0x000000571db00000,0x000000571dc00000)]
  0x000001645bba9cc0 JavaThread "Reference Handler" daemon [_thread_blocked, id=11980, stack(0x000000571e200000,0x000000571e300000)]
  0x000001645bbaa680 JavaThread "Finalizer" daemon [_thread_blocked, id=8808, stack(0x000000571e300000,0x000000571e400000)]
  0x000001645bbc0870 JavaThread "Signal Dispatcher" daemon [_thread_blocked, id=20908, stack(0x000000571e400000,0x000000571e500000)]
  0x000001645bbc1140 JavaThread "Attach Listener" daemon [_thread_blocked, id=18140, stack(0x000000571e500000,0x000000571e600000)]
  0x000001645bbc1a10 JavaThread "Service Thread" daemon [_thread_blocked, id=15372, stack(0x000000571e600000,0x000000571e700000)]
  0x000001645bbc22e0 JavaThread "Monitor Deflation Thread" daemon [_thread_blocked, id=17576, stack(0x000000571e700000,0x000000571e800000)]
  0x000001645bbcafa0 JavaThread "C2 CompilerThread0" daemon [_thread_blocked, id=19852, stack(0x000000571e800000,0x000000571e900000)]
  0x000001645c6c0090 JavaThread "C1 CompilerThread0" daemon [_thread_blocked, id=23248, stack(0x000000571e900000,0x000000571ea00000)]
  0x000001645c6c05b0 JavaThread "Sweeper thread" daemon [_thread_blocked, id=25756, stack(0x000000571ea00000,0x000000571eb00000)]
  0x000001645c7cd3a0 JavaThread "Common-Cleaner" daemon [_thread_blocked, id=17912, stack(0x000000571eb00000,0x000000571ec00000)]
  0x000001645c9dc830 JavaThread "Monitor Ctrl-Break" daemon [_thread_in_native, id=17984, stack(0x000000571ed00000,0x000000571ee00000)]
  0x000001645c9dcd10 JavaThread "Notification Thread" daemon [_thread_blocked, id=3024, stack(0x000000571ee00000,0x000000571ef00000)]
  0x00000164a375fb70 JavaThread "Catalina-utility-1" [_thread_blocked, id=24396, stack(0x000000571fb00000,0x000000571fc00000)]
  0x00000164a3760080 JavaThread "Catalina-utility-2" [_thread_blocked, id=24504, stack(0x000000571fc00000,0x000000571fd00000)]
  0x00000164a37614c0 JavaThread "container-0" [_thread_blocked, id=25276, stack(0x000000571fd00000,0x000000571fe00000)]
  0x00000164a3760590 JavaThread "mysql-cj-abandoned-connection-cleanup" daemon [_thread_blocked, id=21404, stack(0x000000571fe00000,0x000000571ff00000)]
  0x00000164a3762e10 JavaThread "HikariPool-1 housekeeper" daemon [_thread_blocked, id=3020, stack(0x0000005720000000,0x0000005720100000)]
  0x00000164a375f660 JavaThread "HikariPool-1 connection adder" daemon [_thread_blocked, id=24824, stack(0x0000005720100000,0x0000005720200000)]
=>0x00000164a4c2a050 JavaThread "C2 CompilerThread1" daemon [_thread_in_native, id=18704, stack(0x000000571ec00000,0x000000571ed00000)]
  0x00000164a2b668b0 JavaThread "C2 CompilerThread2" daemon [_thread_in_native, id=6200, stack(0x0000005720200000,0x0000005720300000)]

Other Threads:
  0x000001645bba4880 VMThread "VM Thread" [stack: 0x000000571e100000,0x000000571e200000] [id=20744]
  0x0000016442104450 WatcherThread [stack: 0x000000571ef00000,0x000000571f000000] [id=14280]
  0x000001644215eb80 GCTaskThread "GC Thread#0" [stack: 0x000000571dc00000,0x000000571dd00000] [id=23104]
  0x00000164a28eecb0 GCTaskThread "GC Thread#1" [stack: 0x000000571f000000,0x000000571f100000] [id=13404]
  0x00000164a294b990 GCTaskThread "GC Thread#2" [stack: 0x000000571f100000,0x000000571f200000] [id=6132]
  0x00000164a277e750 GCTaskThread "GC Thread#3" [stack: 0x000000571f200000,0x000000571f300000] [id=14100]
  0x00000164a2a72a70 GCTaskThread "GC Thread#4" [stack: 0x000000571f300000,0x000000571f400000] [id=3420]
  0x00000164a2796760 GCTaskThread "GC Thread#5" [stack: 0x000000571f400000,0x000000571f500000] [id=12140]
  0x00000164a2f975f0 GCTaskThread "GC Thread#6" [stack: 0x000000571f600000,0x000000571f700000] [id=13448]
  0x00000164a2e57810 GCTaskThread "GC Thread#7" [stack: 0x000000571f700000,0x000000571f800000] [id=26164]
  0x00000164a2e5ff50 GCTaskThread "GC Thread#8" [stack: 0x000000571f800000,0x000000571f900000] [id=6352]
  0x00000164a3239ff0 GCTaskThread "GC Thread#9" [stack: 0x000000571f900000,0x000000571fa00000] [id=24256]
  0x000001644216f150 ConcurrentGCThread "G1 Main Marker" [stack: 0x000000571dd00000,0x000000571de00000] [id=3748]
  0x0000016442170740 ConcurrentGCThread "G1 Conc#0" [stack: 0x000000571de00000,0x000000571df00000] [id=6592]
  0x00000164a3239d30 ConcurrentGCThread "G1 Conc#1" [stack: 0x000000571f500000,0x000000571f600000] [id=23892]
  0x00000164a323a2b0 ConcurrentGCThread "G1 Conc#2" [stack: 0x000000571fa00000,0x000000571fb00000] [id=24640]
  0x000001645ba47f40 ConcurrentGCThread "G1 Refine#0" [stack: 0x000000571df00000,0x000000571e000000] [id=19096]
  0x000001645ba48710 ConcurrentGCThread "G1 Service" [stack: 0x000000571e000000,0x000000571e100000] [id=20220]

Threads with active compile tasks:
C2 CompilerThread1     9193 5142       4       org.springframework.core.annotation.TypeMappedAnnotations::get (52 bytes)
C2 CompilerThread2     9193 5145   !   4       org.springframework.util.ReflectionUtils::doWithMethods (186 bytes)

VM state: not at safepoint (normal execution)

VM Mutex/Monitor currently owned by a thread:  ([mutex/lock_event])
[0x00000164420fd460] Metaspace_lock - owner thread: 0x0000016442101b70

Heap address: 0x0000000084400000, size: 1980 MB, Compressed Oops mode: 32-bit

CDS archive(s) mapped at: [0x000001645d000000-0x000001645dc00000-0x000001645dc00000), size 12582912, SharedBaseAddress: 0x000001645d000000, ArchiveRelocationMode: 1.
Compressed class space mapped at: 0x000001645e000000-0x000001649e000000, reserved size: 1073741824
Narrow klass base: 0x000001645d000000, Narrow klass shift: 0, Narrow klass range: 0x100000000

GC Precious Log:
 CPUs: 12 total, 12 available
 Memory: 7914M
 Large Page Support: Disabled
 NUMA Support: Disabled
 Compressed Oops: Enabled (32-bit)
 Heap Region Size: 1M
 Heap Min Capacity: 8M
 Heap Initial Capacity: 124M
 Heap Max Capacity: 1980M
 Pre-touch: Disabled
 Parallel Workers: 10
 Concurrent Workers: 3
 Concurrent Refinement Workers: 10
 Periodic GC: Disabled

Heap:
 garbage-first heap   total 61440K, used 34432K [0x0000000084400000, 0x0000000100000000)
  region size 1024K, 14 young (14336K), 2 survivors (2048K)
 Metaspace       used 61278K, committed 61760K, reserved 1114112K
  class space    used 8402K, committed 8640K, reserved 1048576K

Heap Regions: E=young(eden), S=young(survivor), O=old, HS=humongous(starts), HC=humongous(continues), CS=collection set, F=free, OA=open archive, CA=closed archive, TAMS=top-at-mark-start (previous, next)
|   0|0x0000000084400000, 0x0000000084500000, 0x0000000084500000|100%|HS|  |TAMS 0x0000000084500000, 0x0000000084400000| Complete 
|   1|0x0000000084500000, 0x0000000084600000, 0x0000000084600000|100%|HS|  |TAMS 0x0000000084600000, 0x0000000084500000| Complete 
|   2|0x0000000084600000, 0x0000000084700000, 0x0000000084700000|100%| O|  |TAMS 0x0000000084700000, 0x0000000084600000| Untracked 
|   3|0x0000000084700000, 0x0000000084800000, 0x0000000084800000|100%| O|  |TAMS 0x0000000084800000, 0x0000000084700000| Untracked 
|   4|0x0000000084800000, 0x00000000848fffe0, 0x0000000084900000| 99%| O|  |TAMS 0x00000000848fffe0, 0x0000000084800000| Untracked 
|   5|0x0000000084900000, 0x00000000849fffe0, 0x0000000084a00000| 99%| O|  |TAMS 0x00000000849fffe0, 0x0000000084900000| Untracked 
|   6|0x0000000084a00000, 0x0000000084b00000, 0x0000000084b00000|100%| O|  |TAMS 0x0000000084b00000, 0x0000000084a00000| Untracked 
|   7|0x0000000084b00000, 0x0000000084bfffe8, 0x0000000084c00000| 99%| O|  |TAMS 0x0000000084bfffe8, 0x0000000084b00000| Untracked 
|   8|0x0000000084c00000, 0x0000000084cff200, 0x0000000084d00000| 99%| O|  |TAMS 0x0000000084cff200, 0x0000000084c00000| Untracked 
|   9|0x0000000084d00000, 0x0000000084d25df0, 0x0000000084e00000| 14%| O|  |TAMS 0x0000000084d25df0, 0x0000000084d00000| Untracked 
|  10|0x0000000084e00000, 0x0000000084f00000, 0x0000000084f00000|100%| O|  |TAMS 0x0000000084f00000, 0x0000000084e00000| Untracked 
|  11|0x0000000084f00000, 0x0000000085000000, 0x0000000085000000|100%| O|  |TAMS 0x0000000085000000, 0x0000000084f00000| Untracked 
|  12|0x0000000085000000, 0x0000000085100000, 0x0000000085100000|100%| O|  |TAMS 0x0000000085082800, 0x0000000085000000| Untracked 
|  13|0x0000000085100000, 0x0000000085200000, 0x0000000085200000|100%| O|  |TAMS 0x0000000085100000, 0x0000000085100000| Untracked 
|  14|0x0000000085200000, 0x0000000085300000, 0x0000000085300000|100%| O|  |TAMS 0x0000000085200000, 0x0000000085200000| Untracked 
|  15|0x0000000085300000, 0x0000000085400000, 0x0000000085400000|100%| O|  |TAMS 0x0000000085300000, 0x0000000085300000| Untracked 
|  16|0x0000000085400000, 0x0000000085411600, 0x0000000085500000|  6%| O|  |TAMS 0x0000000085400000, 0x0000000085400000| Untracked 
|  17|0x0000000085500000, 0x0000000085500000, 0x0000000085600000|  0%| F|  |TAMS 0x0000000085500000, 0x0000000085500000| Untracked 
|  18|0x0000000085600000, 0x0000000085600000, 0x0000000085700000|  0%| F|  |TAMS 0x0000000085600000, 0x0000000085600000| Untracked 
|  19|0x0000000085700000, 0x0000000085700000, 0x0000000085800000|  0%| F|  |TAMS 0x0000000085700000, 0x0000000085700000| Untracked 
|  20|0x0000000085800000, 0x0000000085800000, 0x0000000085900000|  0%| F|  |TAMS 0x0000000085800000, 0x0000000085800000| Untracked 
|  21|0x0000000085900000, 0x0000000085900000, 0x0000000085a00000|  0%| F|  |TAMS 0x0000000085900000, 0x0000000085900000| Untracked 
|  22|0x0000000085a00000, 0x0000000085a00000, 0x0000000085b00000|  0%| F|  |TAMS 0x0000000085a00000, 0x0000000085a00000| Untracked 
|  23|0x0000000085b00000, 0x0000000085b00000, 0x0000000085c00000|  0%| F|  |TAMS 0x0000000085b00000, 0x0000000085b00000| Untracked 
|  24|0x0000000085c00000, 0x0000000085c00000, 0x0000000085d00000|  0%| F|  |TAMS 0x0000000085c00000, 0x0000000085c00000| Untracked 
|  25|0x0000000085d00000, 0x0000000085dfffd8, 0x0000000085e00000| 99%| O|  |TAMS 0x0000000085dfffd8, 0x0000000085d00000| Untracked 
|  26|0x0000000085e00000, 0x0000000085e00000, 0x0000000085f00000|  0%| F|  |TAMS 0x0000000085e00000, 0x0000000085e00000| Untracked 
|  27|0x0000000085f00000, 0x0000000085fa2920, 0x0000000086000000| 63%| O|  |TAMS 0x0000000085fa2920, 0x0000000085f00000| Untracked 
|  28|0x0000000086000000, 0x0000000086000000, 0x0000000086100000|  0%| F|  |TAMS 0x0000000086000000, 0x0000000086000000| Untracked 
|  29|0x0000000086100000, 0x0000000086100000, 0x0000000086200000|  0%| F|  |TAMS 0x0000000086100000, 0x0000000086100000| Untracked 
|  30|0x0000000086200000, 0x0000000086200000, 0x0000000086300000|  0%| F|  |TAMS 0x0000000086200000, 0x0000000086200000| Untracked 
|  31|0x0000000086300000, 0x00000000863c7510, 0x0000000086400000| 77%| S|CS|TAMS 0x0000000086300000, 0x0000000086300000| Complete 
|  32|0x0000000086400000, 0x0000000086500000, 0x0000000086500000|100%| S|CS|TAMS 0x0000000086400000, 0x0000000086400000| Complete 
|  33|0x0000000086500000, 0x0000000086500000, 0x0000000086600000|  0%| F|  |TAMS 0x0000000086500000, 0x0000000086500000| Untracked 
|  34|0x0000000086600000, 0x0000000086600000, 0x0000000086700000|  0%| F|  |TAMS 0x0000000086600000, 0x0000000086600000| Untracked 
|  35|0x0000000086700000, 0x0000000086700000, 0x0000000086800000|  0%| F|  |TAMS 0x0000000086700000, 0x0000000086700000| Untracked 
|  36|0x0000000086800000, 0x0000000086800000, 0x0000000086900000|  0%| F|  |TAMS 0x0000000086800000, 0x0000000086800000| Untracked 
|  37|0x0000000086900000, 0x0000000086900000, 0x0000000086a00000|  0%| F|  |TAMS 0x0000000086900000, 0x0000000086900000| Untracked 
|  38|0x0000000086a00000, 0x0000000086a00000, 0x0000000086b00000|  0%| F|  |TAMS 0x0000000086a00000, 0x0000000086a00000| Untracked 
|  39|0x0000000086b00000, 0x0000000086b00000, 0x0000000086c00000|  0%| F|  |TAMS 0x0000000086b00000, 0x0000000086b00000| Untracked 
|  40|0x0000000086c00000, 0x0000000086c00000, 0x0000000086d00000|  0%| F|  |TAMS 0x0000000086c00000, 0x0000000086c00000| Untracked 
|  41|0x0000000086d00000, 0x0000000086d00000, 0x0000000086e00000|  0%| F|  |TAMS 0x0000000086d00000, 0x0000000086d00000| Untracked 
|  42|0x0000000086e00000, 0x0000000086e00000, 0x0000000086f00000|  0%| F|  |TAMS 0x0000000086e00000, 0x0000000086e00000| Untracked 
|  43|0x0000000086f00000, 0x0000000086f00000, 0x0000000087000000|  0%| F|  |TAMS 0x0000000086f00000, 0x0000000086f00000| Untracked 
|  44|0x0000000087000000, 0x0000000087071150, 0x0000000087100000| 44%| E|  |TAMS 0x0000000087000000, 0x0000000087000000| Complete 
|  45|0x0000000087100000, 0x0000000087200000, 0x0000000087200000|100%| E|CS|TAMS 0x0000000087100000, 0x0000000087100000| Complete 
|  46|0x0000000087200000, 0x0000000087300000, 0x0000000087300000|100%| E|CS|TAMS 0x0000000087200000, 0x0000000087200000| Complete 
|  47|0x0000000087300000, 0x0000000087400000, 0x0000000087400000|100%| E|CS|TAMS 0x0000000087300000, 0x0000000087300000| Complete 
|  48|0x0000000087400000, 0x0000000087500000, 0x0000000087500000|100%| E|CS|TAMS 0x0000000087400000, 0x0000000087400000| Complete 
|  49|0x0000000087500000, 0x0000000087600000, 0x0000000087600000|100%| E|CS|TAMS 0x0000000087500000, 0x0000000087500000| Complete 
|  50|0x0000000087600000, 0x0000000087700000, 0x0000000087700000|100%| E|CS|TAMS 0x0000000087600000, 0x0000000087600000| Complete 
|  51|0x0000000087700000, 0x0000000087800000, 0x0000000087800000|100%| E|CS|TAMS 0x0000000087700000, 0x0000000087700000| Complete 
|  52|0x0000000087800000, 0x0000000087900000, 0x0000000087900000|100%| E|CS|TAMS 0x0000000087800000, 0x0000000087800000| Complete 
|  72|0x0000000088c00000, 0x0000000088d00000, 0x0000000088d00000|100%| E|CS|TAMS 0x0000000088c00000, 0x0000000088c00000| Complete 
|  73|0x0000000088d00000, 0x0000000088e00000, 0x0000000088e00000|100%| E|CS|TAMS 0x0000000088d00000, 0x0000000088d00000| Complete 
|  74|0x0000000088e00000, 0x0000000088f00000, 0x0000000088f00000|100%| O|  |TAMS 0x0000000088f00000, 0x0000000088e00000| Untracked 
|  75|0x0000000088f00000, 0x0000000089000000, 0x0000000089000000|100%| O|  |TAMS 0x0000000089000000, 0x0000000088f00000| Untracked 
|  76|0x0000000089000000, 0x0000000089100000, 0x0000000089100000|100%| O|  |TAMS 0x0000000089100000, 0x0000000089000000| Untracked 
|  77|0x0000000089100000, 0x0000000089200000, 0x0000000089200000|100%| O|  |TAMS 0x0000000089200000, 0x0000000089100000| Untracked 
| 123|0x000000008bf00000, 0x000000008c000000, 0x000000008c000000|100%| E|CS|TAMS 0x000000008bf00000, 0x000000008bf00000| Complete 

Card table byte_map: [0x0000016455220000,0x0000016455600000] _byte_map_base: 0x0000016454dfe000

Marking Bits (Prev, Next): (CMBitMap*) 0x000001644215f0a0, (CMBitMap*) 0x000001644215f0e0
 Prev Bits: [0x00000164559e0000, 0x00000164578d0000)
 Next Bits: [0x00000164578d0000, 0x00000164597c0000)

Polling page: 0x000001643fda0000

Metaspace:

Usage:
  Non-class:     51.64 MB used.
      Class:      8.21 MB used.
       Both:     59.84 MB used.

Virtual space:
  Non-class space:       64.00 MB reserved,      51.88 MB ( 81%) committed,  1 nodes.
      Class space:        1.00 GB reserved,       8.44 MB ( <1%) committed,  1 nodes.
             Both:        1.06 GB reserved,      60.31 MB (  6%) committed. 

Chunk freelists:
   Non-Class:  11.48 MB
       Class:  7.61 MB
        Both:  19.09 MB

MaxMetaspaceSize: unlimited
CompressedClassSpaceSize: 1.00 GB
Initial GC threshold: 21.00 MB
Current GC threshold: 78.06 MB
CDS: on
MetaspaceReclaimPolicy: balanced
 - commit_granule_bytes: 65536.
 - commit_granule_words: 8192.
 - virtual_space_node_default_size: 8388608.
 - enlarge_chunks_in_place: 1.
 - new_chunks_are_fully_committed: 0.
 - uncommit_free_chunks: 1.
 - use_allocation_guard: 0.
 - handle_deallocations: 1.


Internal statistics:

num_allocs_failed_limit: 9.
num_arena_births: 726.
num_arena_deaths: 0.
num_vsnodes_births: 2.
num_vsnodes_deaths: 0.
num_space_committed: 965.
num_space_uncommitted: 0.
num_chunks_returned_to_freelist: 9.
num_chunks_taken_from_freelist: 2820.
num_chunk_merges: 3.
num_chunk_splits: 2049.
num_chunks_enlarged: 1630.
num_inconsistent_stats: 0.

CodeHeap 'non-profiled nmethods': size=120000Kb used=3273Kb max_used=3273Kb free=116726Kb
 bounds [0x000001644d3b0000, 0x000001644d6f0000, 0x00000164548e0000]
CodeHeap 'profiled nmethods': size=120000Kb used=10529Kb max_used=10529Kb free=109470Kb
 bounds [0x00000164458e0000, 0x0000016446330000, 0x000001644ce10000]
CodeHeap 'non-nmethods': size=5760Kb used=1350Kb max_used=1371Kb free=4409Kb
 bounds [0x000001644ce10000, 0x000001644d080000, 0x000001644d3b0000]
 total_blobs=5826 nmethods=5157 adapters=581
 compilation: enabled
              stopped_count=0, restarted_count=0
 full_count=0

Compilation events (20 events):
Event: 8.787 Thread 0x000001645c6c0090 5182       3       org.springframework.core.ResolvableType::resolveType (146 bytes)
Event: 8.788 Thread 0x000001645c6c0090 nmethod 5182 0x0000016446322f10 code [0x00000164463231e0, 0x0000016446324458]
Event: 8.789 Thread 0x000001645c6c0090 5183       3       sun.reflect.generics.parser.SignatureParser::parseTypeArguments (109 bytes)
Event: 8.790 Thread 0x000001645c6c0090 nmethod 5183 0x0000016446324810 code [0x0000016446324ac0, 0x0000016446325a28]
Event: 8.800 Thread 0x000001645c6c0090 5185       2       org.springframework.core.convert.support.GenericConversionService$Converters$$Lambda$89/0x000001645e09da80::apply (8 bytes)
Event: 8.800 Thread 0x000001645c6c0090 nmethod 5185 0x0000016446325f10 code [0x00000164463260c0, 0x0000016446326458]
Event: 8.800 Thread 0x000001645c6c0090 5186       2       org.springframework.core.convert.support.GenericConversionService$Converters::lambda$getMatchableConverters$0 (8 bytes)
Event: 8.801 Thread 0x000001645c6c0090 nmethod 5186 0x0000016446326590 code [0x0000016446326740, 0x0000016446326a78]
Event: 8.801 Thread 0x000001645c6c0090 5187       2       org.springframework.core.convert.support.GenericConversionService$ConvertersForPair::<init> (16 bytes)
Event: 8.801 Thread 0x000001645c6c0090 nmethod 5187 0x0000016446326b90 code [0x0000016446326d40, 0x0000016446327038]
Event: 8.801 Thread 0x000001645c6c0090 5188       2       java.util.concurrent.ConcurrentLinkedDeque::<init> (21 bytes)
Event: 8.801 Thread 0x000001645c6c0090 nmethod 5188 0x0000016446327110 code [0x00000164463272a0, 0x00000164463274d8]
Event: 8.805 Thread 0x000001645c6c0090 5189       2       java.lang.Record::<init> (5 bytes)
Event: 8.805 Thread 0x000001645c6c0090 nmethod 5189 0x0000016446327590 code [0x0000016446327720, 0x0000016446327818]
Event: 8.818 Thread 0x000001645c6c0090 5190       2       org.springframework.core.convert.support.GenericConversionService$ConverterAdapter::<init> (41 bytes)
Event: 8.819 Thread 0x000001645c6c0090 nmethod 5190 0x0000016446327890 code [0x0000016446327a60, 0x0000016446327ff8]
Event: 8.819 Thread 0x000001645c6c0090 5191       2       org.springframework.core.convert.support.GenericConversionService$ConverterAdapter::getConvertibleTypes (8 bytes)
Event: 8.819 Thread 0x000001645c6c0090 nmethod 5191 0x0000016446328210 code [0x00000164463283a0, 0x0000016446328558]
Event: 8.832 Thread 0x000001645bbcafa0 nmethod 5135 0x000001644d6dd890 code [0x000001644d6ddb00, 0x000001644d6defc0]
Event: 8.834 Thread 0x000001645bbcafa0 5164       4       java.lang.PublicMethods$MethodList::filter (104 bytes)

GC Heap History (20 events):
Event: 1.876 GC heap before
{Heap before GC invocations=1 (full 0):
 garbage-first heap   total 126976K, used 35280K [0x0000000084400000, 0x0000000100000000)
  region size 1024K, 31 young (31744K), 3 survivors (3072K)
 Metaspace       used 14050K, committed 14272K, reserved 1114112K
  class space    used 1755K, committed 1856K, reserved 1048576K
}
Event: 1.885 GC heap after
{Heap after GC invocations=2 (full 0):
 garbage-first heap   total 126976K, used 10187K [0x0000000084400000, 0x0000000100000000)
  region size 1024K, 3 young (3072K), 3 survivors (3072K)
 Metaspace       used 14050K, committed 14272K, reserved 1114112K
  class space    used 1755K, committed 1856K, reserved 1048576K
}
Event: 2.950 GC heap before
{Heap before GC invocations=2 (full 0):
 garbage-first heap   total 126976K, used 52171K [0x0000000084400000, 0x0000000100000000)
  region size 1024K, 46 young (47104K), 3 survivors (3072K)
 Metaspace       used 21244K, committed 21504K, reserved 1114112K
  class space    used 2691K, committed 2816K, reserved 1048576K
}
Event: 2.962 GC heap after
{Heap after GC invocations=3 (full 0):
 garbage-first heap   total 126976K, used 13714K [0x0000000084400000, 0x0000000100000000)
  region size 1024K, 6 young (6144K), 6 survivors (6144K)
 Metaspace       used 21244K, committed 21504K, reserved 1114112K
  class space    used 2691K, committed 2816K, reserved 1048576K
}
Event: 3.619 GC heap before
{Heap before GC invocations=4 (full 0):
 garbage-first heap   total 51200K, used 33170K [0x0000000084400000, 0x0000000100000000)
  region size 1024K, 26 young (26624K), 6 survivors (6144K)
 Metaspace       used 24935K, committed 25280K, reserved 1114112K
  class space    used 3261K, committed 3392K, reserved 1048576K
}
Event: 3.652 GC heap after
{Heap after GC invocations=5 (full 1):
 garbage-first heap   total 51200K, used 15134K [0x0000000084400000, 0x0000000100000000)
  region size 1024K, 0 young (0K), 0 survivors (0K)
 Metaspace       used 24935K, committed 25280K, reserved 1114112K
  class space    used 3261K, committed 3392K, reserved 1048576K
}
Event: 4.315 GC heap before
{Heap before GC invocations=5 (full 1):
 garbage-first heap   total 51200K, used 33566K [0x0000000084400000, 0x0000000100000000)
  region size 1024K, 19 young (19456K), 0 survivors (0K)
 Metaspace       used 29197K, committed 29568K, reserved 1114112K
  class space    used 3830K, committed 4032K, reserved 1048576K
}
Event: 4.322 GC heap after
{Heap after GC invocations=6 (full 1):
 garbage-first heap   total 51200K, used 17132K [0x0000000084400000, 0x0000000100000000)
  region size 1024K, 2 young (2048K), 2 survivors (2048K)
 Metaspace       used 29197K, committed 29568K, reserved 1114112K
  class space    used 3830K, committed 4032K, reserved 1048576K
}
Event: 4.945 GC heap before
{Heap before GC invocations=6 (full 1):
 garbage-first heap   total 51200K, used 36588K [0x0000000084400000, 0x0000000100000000)
  region size 1024K, 21 young (21504K), 2 survivors (2048K)
 Metaspace       used 33408K, committed 33792K, reserved 1114112K
  class space    used 4460K, committed 4672K, reserved 1048576K
}
Event: 4.949 GC heap after
{Heap after GC invocations=7 (full 1):
 garbage-first heap   total 51200K, used 17885K [0x0000000084400000, 0x0000000100000000)
  region size 1024K, 2 young (2048K), 2 survivors (2048K)
 Metaspace       used 33408K, committed 33792K, reserved 1114112K
  class space    used 4460K, committed 4672K, reserved 1048576K
}
Event: 5.732 GC heap before
{Heap before GC invocations=7 (full 1):
 garbage-first heap   total 51200K, used 36317K [0x0000000084400000, 0x0000000100000000)
  region size 1024K, 20 young (20480K), 2 survivors (2048K)
 Metaspace       used 37892K, committed 38336K, reserved 1114112K
  class space    used 5160K, committed 5376K, reserved 1048576K
}
Event: 5.735 GC heap after
{Heap after GC invocations=8 (full 1):
 garbage-first heap   total 51200K, used 18918K [0x0000000084400000, 0x0000000100000000)
  region size 1024K, 3 young (3072K), 3 survivors (3072K)
 Metaspace       used 37892K, committed 38336K, reserved 1114112K
  class space    used 5160K, committed 5376K, reserved 1048576K
}
Event: 6.156 GC heap before
{Heap before GC invocations=8 (full 1):
 garbage-first heap   total 51200K, used 26086K [0x0000000084400000, 0x0000000100000000)
  region size 1024K, 11 young (11264K), 3 survivors (3072K)
 Metaspace       used 41803K, committed 42176K, reserved 1114112K
  class space    used 5621K, committed 5824K, reserved 1048576K
}
Event: 6.160 GC heap after
{Heap after GC invocations=9 (full 1):
 garbage-first heap   total 51200K, used 20094K [0x0000000084400000, 0x0000000100000000)
  region size 1024K, 3 young (3072K), 3 survivors (3072K)
 Metaspace       used 41803K, committed 42176K, reserved 1114112K
  class space    used 5621K, committed 5824K, reserved 1048576K
}
Event: 6.961 GC heap before
{Heap before GC invocations=10 (full 1):
 garbage-first heap   total 51200K, used 37502K [0x0000000084400000, 0x0000000100000000)
  region size 1024K, 20 young (20480K), 3 survivors (3072K)
 Metaspace       used 47490K, committed 47936K, reserved 1114112K
  class space    used 6405K, committed 6592K, reserved 1048576K
}
Event: 6.965 GC heap after
{Heap after GC invocations=11 (full 1):
 garbage-first heap   total 51200K, used 21433K [0x0000000084400000, 0x0000000100000000)
  region size 1024K, 3 young (3072K), 3 survivors (3072K)
 Metaspace       used 47490K, committed 47936K, reserved 1114112K
  class space    used 6405K, committed 6592K, reserved 1048576K
}
Event: 7.735 GC heap before
{Heap before GC invocations=12 (full 1):
 garbage-first heap   total 51200K, used 37817K [0x0000000084400000, 0x0000000100000000)
  region size 1024K, 20 young (20480K), 3 survivors (3072K)
 Metaspace       used 52177K, committed 52672K, reserved 1114112K
  class space    used 7015K, committed 7232K, reserved 1048576K
}
Event: 7.738 GC heap after
{Heap after GC invocations=13 (full 1):
 garbage-first heap   total 61440K, used 22333K [0x0000000084400000, 0x0000000100000000)
  region size 1024K, 3 young (3072K), 3 survivors (3072K)
 Metaspace       used 52177K, committed 52672K, reserved 1114112K
  class space    used 7015K, committed 7232K, reserved 1048576K
}
Event: 8.563 GC heap before
{Heap before GC invocations=13 (full 1):
 garbage-first heap   total 61440K, used 44861K [0x0000000084400000, 0x0000000100000000)
  region size 1024K, 26 young (26624K), 3 survivors (3072K)
 Metaspace       used 58820K, committed 59328K, reserved 1114112K
  class space    used 8132K, committed 8384K, reserved 1048576K
}
Event: 8.566 GC heap after
{Heap after GC invocations=14 (full 1):
 garbage-first heap   total 61440K, used 23168K [0x0000000084400000, 0x0000000100000000)
  region size 1024K, 2 young (2048K), 2 survivors (2048K)
 Metaspace       used 58820K, committed 59328K, reserved 1114112K
  class space    used 8132K, committed 8384K, reserved 1048576K
}

Dll operation events (4 events):
Event: 0.024 Loaded shared library C:\Users\rajen\.jdks\jbr-17.0.14\bin\java.dll
Event: 0.056 Loaded shared library C:\Users\rajen\.jdks\jbr-17.0.14\bin\jsvml.dll
Event: 0.313 Loaded shared library C:\Users\rajen\.jdks\jbr-17.0.14\bin\zip.dll
Event: 5.117 Loaded shared library C:\Users\rajen\.jdks\jbr-17.0.14\bin\verify.dll

Deoptimization events (20 events):
Event: 8.710 Thread 0x0000016442101b70 DEOPT PACKING pc=0x000001644d6db2cc sp=0x000000571dbfbb80
Event: 8.710 Thread 0x0000016442101b70 DEOPT UNPACKING pc=0x000001644ce6a1a3 sp=0x000000571dbfbb38 mode 2
Event: 8.710 Thread 0x0000016442101b70 Uncommon trap: trap_request=0xffffffbe fr.pc=0x000001644d6db2cc relative=0x000000000000080c
Event: 8.710 Thread 0x0000016442101b70 Uncommon trap: reason=profile_predicate action=maybe_recompile pc=0x000001644d6db2cc method=java.lang.PublicMethods$MethodList.filter([Ljava/lang/reflect/Method;Ljava/lang/String;[Ljava/lang/Class;Z)Ljava/lang/PublicMethods$MethodList; @ 21 c2
Event: 8.710 Thread 0x0000016442101b70 DEOPT PACKING pc=0x000001644d6db2cc sp=0x000000571dbfbb80
Event: 8.710 Thread 0x0000016442101b70 DEOPT UNPACKING pc=0x000001644ce6a1a3 sp=0x000000571dbfbb38 mode 2
Event: 8.719 Thread 0x0000016442101b70 Uncommon trap: trap_request=0xffffff45 fr.pc=0x000001644d5e75d8 relative=0x00000000000001b8
Event: 8.719 Thread 0x0000016442101b70 Uncommon trap: reason=unstable_if action=reinterpret pc=0x000001644d5e75d8 method=java.util.ArrayDeque.addLast(Ljava/lang/Object;)V @ 42 c2
Event: 8.719 Thread 0x0000016442101b70 DEOPT PACKING pc=0x000001644d5e75d8 sp=0x000000571dbfc430
Event: 8.719 Thread 0x0000016442101b70 DEOPT UNPACKING pc=0x000001644ce6a1a3 sp=0x000000571dbfc388 mode 2
Event: 8.743 Thread 0x0000016442101b70 DEOPT PACKING pc=0x000001644631525f sp=0x000000571dbfa800
Event: 8.743 Thread 0x0000016442101b70 DEOPT UNPACKING pc=0x000001644ce6ace3 sp=0x000000571dbf9ce8 mode 0
Event: 8.749 Thread 0x0000016442101b70 DEOPT PACKING pc=0x000001644631525f sp=0x000000571dbfbb50
Event: 8.749 Thread 0x0000016442101b70 DEOPT UNPACKING pc=0x000001644ce6ace3 sp=0x000000571dbfb038 mode 0
Event: 8.750 Thread 0x0000016442101b70 DEOPT PACKING pc=0x000001644631525f sp=0x000000571dbfbb50
Event: 8.750 Thread 0x0000016442101b70 DEOPT UNPACKING pc=0x000001644ce6ace3 sp=0x000000571dbfb038 mode 0
Event: 8.752 Thread 0x0000016442101b70 DEOPT PACKING pc=0x000001644631525f sp=0x000000571dbfbb50
Event: 8.752 Thread 0x0000016442101b70 DEOPT UNPACKING pc=0x000001644ce6ace3 sp=0x000000571dbfb038 mode 0
Event: 8.787 Thread 0x0000016442101b70 DEOPT PACKING pc=0x000001644631525f sp=0x000000571dbfbba0
Event: 8.787 Thread 0x0000016442101b70 DEOPT UNPACKING pc=0x000001644ce6ace3 sp=0x000000571dbfb088 mode 0

Classes loaded (20 events):
Event: 7.413 Loading class java/util/concurrent/CompletableFuture
Event: 7.414 Loading class java/util/concurrent/CompletableFuture done
Event: 7.414 Loading class java/util/concurrent/CompletableFuture$AltResult
Event: 7.414 Loading class java/util/concurrent/CompletableFuture$AltResult done
Event: 7.415 Loading class java/util/concurrent/CompletableFuture$Completion
Event: 7.415 Loading class java/util/concurrent/CompletableFuture$AsynchronousCompletionTask
Event: 7.415 Loading class java/util/concurrent/CompletableFuture$AsynchronousCompletionTask done
Event: 7.415 Loading class java/util/concurrent/CompletableFuture$Completion done
Event: 7.512 Loading class java/util/concurrent/CancellationException
Event: 7.512 Loading class java/util/concurrent/CancellationException done
Event: 8.064 Loading class java/lang/reflect/AnnotatedArrayType
Event: 8.064 Loading class java/lang/reflect/AnnotatedArrayType done
Event: 8.345 Loading class jdk/internal/reflect/UnsafeObjectFieldAccessorImpl
Event: 8.345 Loading class jdk/internal/reflect/UnsafeObjectFieldAccessorImpl done
Event: 8.685 Loading class javax/naming/Reference
Event: 8.685 Loading class javax/naming/Reference done
Event: 8.713 Loading class java/lang/SafeVarargs
Event: 8.713 Loading class java/lang/SafeVarargs done
Event: 8.714 Loading class sun/reflect/generics/reflectiveObjects/GenericArrayTypeImpl
Event: 8.714 Loading class sun/reflect/generics/reflectiveObjects/GenericArrayTypeImpl done

Classes unloaded (0 events):
No events

Classes redefined (0 events):
No events

Internal exceptions (20 events):
Event: 7.530 Thread 0x0000016442101b70 Exception <a 'java/lang/IncompatibleClassChangeError'{0x00000000866ea000}: Found class java.lang.Object, but interface was expected> (0x00000000866ea000) 
thrown [s\src\hotspot\share\interpreter\linkResolver.cpp, line 838]
Event: 7.562 Thread 0x0000016442101b70 Exception <a 'java/lang/NoSuchMethodError'{0x00000000865b2530}: 'java.lang.Object java.lang.invoke.DirectMethodHandle$Holder.invokeStatic(java.lang.Object, java.lang.Object, int, java.lang.Object)'> (0x00000000865b2530) 
thrown [s\src\hotspot\share\interpreter\linkResolver.cpp, line 771]
Event: 7.562 Thread 0x0000016442101b70 Exception <a 'java/lang/NoSuchMethodError'{0x00000000865b5fc8}: 'java.lang.Object java.lang.invoke.DirectMethodHandle$Holder.invokeStaticInit(java.lang.Object, java.lang.Object, int, java.lang.Object)'> (0x00000000865b5fc8) 
thrown [s\src\hotspot\share\interpreter\linkResolver.cpp, line 771]
Event: 8.372 Thread 0x0000016442101b70 Exception <a 'java/lang/NoSuchMethodError'{0x0000000086b43a08}: 'void java.lang.invoke.DirectMethodHandle$Holder.invokeInterface(java.lang.Object, java.lang.Object, int, java.lang.Object)'> (0x0000000086b43a08) 
thrown [s\src\hotspot\share\interpreter\linkResolver.cpp, line 771]
Event: 8.378 Thread 0x0000016442101b70 Exception <a 'java/lang/NoSuchMethodError'{0x0000000086b6b8d8}: 'java.lang.Object java.lang.invoke.DirectMethodHandle$Holder.newInvokeSpecial(java.lang.Object, java.lang.Object, int, java.lang.Object)'> (0x0000000086b6b8d8) 
thrown [s\src\hotspot\share\interpreter\linkResolver.cpp, line 771]
Event: 8.378 Thread 0x0000016442101b70 Exception <a 'java/lang/NoSuchMethodError'{0x0000000086b6fa20}: 'java.lang.Object java.lang.invoke.Invokers$Holder.linkToTargetMethod(java.lang.Object, int, java.lang.Object, java.lang.Object)'> (0x0000000086b6fa20) 
thrown [s\src\hotspot\share\interpreter\linkResolver.cpp, line 771]
Event: 8.412 Thread 0x0000016442101b70 Exception <a 'java/lang/NoSuchMethodError'{0x0000000086a8fcf0}: 'void java.lang.invoke.DirectMethodHandle$Holder.invokeSpecial(java.lang.Object, java.lang.Object, int, java.lang.Object)'> (0x0000000086a8fcf0) 
thrown [s\src\hotspot\share\interpreter\linkResolver.cpp, line 771]
Event: 8.412 Thread 0x0000016442101b70 Exception <a 'java/lang/NoSuchMethodError'{0x0000000086a96bf8}: 'java.lang.Object java.lang.invoke.DirectMethodHandle$Holder.newInvokeSpecial(java.lang.Object, java.lang.Object, int)'> (0x0000000086a96bf8) 
thrown [s\src\hotspot\share\interpreter\linkResolver.cpp, line 771]
Event: 8.445 Thread 0x0000016442101b70 Exception <a 'java/lang/NoSuchMethodError'{0x00000000868053e8}: 'int java.lang.invoke.DirectMethodHandle$Holder.invokeStatic(java.lang.Object, int, java.lang.Object)'> (0x00000000868053e8) 
thrown [s\src\hotspot\share\interpreter\linkResolver.cpp, line 771]
Event: 8.448 Thread 0x0000016442101b70 Exception <a 'java/lang/NoSuchMethodError'{0x0000000086825f20}: 'java.lang.Object java.lang.invoke.DirectMethodHandle$Holder.newInvokeSpecial(java.lang.Object, java.lang.Object, java.lang.Object, java.lang.Object, java.lang.Object, int, java.lang.Object)'> (0x0000000086825f20) 
thrown [s\src\hotspot\share\interpreter\linkResolver.cpp, line 771]
Event: 8.452 Thread 0x0000016442101b70 Exception <a 'java/lang/NoSuchMethodError'{0x000000008685e8c0}: 'java.lang.Object java.lang.invoke.DirectMethodHandle$Holder.newInvokeSpecial(java.lang.Object, java.lang.Object, java.lang.Object, java.lang.Object, java.lang.Object, java.lang.Object, java.lang.Object, java.lang.Object, java.lang.Object, java.lang.Object, java.lang.Object, java.lang.Object)'> (0x000000008685e8c0) 
thrown [s\src\hotspot\share\interpreter\linkResolver.cpp, line 771]
Event: 8.453 Thread 0x0000016442101b70 Exception <a 'java/lang/NoSuchMethodError'{0x0000000086863358}: 'java.lang.Object java.lang.invoke.DirectMethodHandle$Holder.invokeSpecial(java.lang.Object, java.lang.Object, java.lang.Object, java.lang.Object, java.lang.Object, java.lang.Object, java.lang.Object, java.lang.Object, java.lang.Object, java.lang.Object, java.lang.Object, java.lang.Object, java.lang.Object)'> (0x0000000086863358) 
thrown [s\src\hotspot\share\interpreter\linkResolver.cpp, line 771]
Event: 8.453 Thread 0x0000016442101b70 Exception <a 'java/lang/NoSuchMethodError'{0x0000000086867a70}: 'java.lang.Object java.lang.invoke.Invokers$Holder.linkToTargetMethod(java.lang.Object, java.lang.Object, java.lang.Object, java.lang.Object, java.lang.Object, java.lang.Object, java.lang.Object, java.lang.Object, java.lang.Object, java.lang.Object, java.lang.Object, java.lang.Object)'> (0x0000000086867a70) 
thrown [s\src\hotspot\share\interpreter\linkResolver.cpp, line 771]
Event: 8.505 Thread 0x0000016442101b70 Exception <a 'java/lang/IncompatibleClassChangeError'{0x00000000867fd680}: Found class java.lang.Object, but interface was expected> (0x00000000867fd680) 
thrown [s\src\hotspot\share\interpreter\linkResolver.cpp, line 838]
Event: 8.525 Thread 0x0000016442101b70 Exception <a 'java/lang/NoSuchMethodError'{0x0000000086680080}: 'java.lang.Object java.lang.invoke.DirectMethodHandle$Holder.newInvokeSpecial(java.lang.Object, java.lang.Object, java.lang.Object, java.lang.Object, java.lang.Object, java.lang.Object, java.lang.Object, int)'> (0x0000000086680080) 
thrown [s\src\hotspot\share\interpreter\linkResolver.cpp, line 771]
Event: 8.525 Thread 0x0000016442101b70 Exception <a 'java/lang/NoSuchMethodError'{0x0000000086685078}: 'java.lang.Object java.lang.invoke.DirectMethodHandle$Holder.invokeSpecial(java.lang.Object, java.lang.Object, java.lang.Object, java.lang.Object, java.lang.Object, java.lang.Object, java.lang.Object, java.lang.Object, int)'> (0x0000000086685078) 
thrown [s\src\hotspot\share\interpreter\linkResolver.cpp, line 771]
Event: 8.526 Thread 0x0000016442101b70 Exception <a 'java/lang/NoSuchMethodError'{0x0000000086689b40}: 'java.lang.Object java.lang.invoke.Invokers$Holder.linkToTargetMethod(java.lang.Object, java.lang.Object, java.lang.Object, java.lang.Object, java.lang.Object, java.lang.Object, int, java.lang.Object)'> (0x0000000086689b40) 
thrown [s\src\hotspot\share\interpreter\linkResolver.cpp, line 771]
Event: 8.551 Thread 0x0000016442101b70 Exception <a 'java/lang/NoSuchMethodError'{0x0000000086566bd0}: 'void java.lang.invoke.DirectMethodHandle$Holder.invokeInterface(java.lang.Object, java.lang.Object)'> (0x0000000086566bd0) 
thrown [s\src\hotspot\share\interpreter\linkResolver.cpp, line 771]
Event: 8.761 Thread 0x0000016442101b70 Exception <a 'java/lang/IncompatibleClassChangeError'{0x00000000874ddb88}: Found class java.lang.Object, but interface was expected> (0x00000000874ddb88) 
thrown [s\src\hotspot\share\interpreter\linkResolver.cpp, line 838]
Event: 8.811 Thread 0x0000016442101b70 Exception <a 'java/lang/IncompatibleClassChangeError'{0x000000008727ed48}: Found class java.lang.Object, but interface was expected> (0x000000008727ed48) 
thrown [s\src\hotspot\share\interpreter\linkResolver.cpp, line 838]

VM Operations (20 events):
Event: 6.177 Executing VM operation: CollectForMetadataAllocation
Event: 6.177 Executing VM operation: CollectForMetadataAllocation done
Event: 6.179 Executing VM operation: G1PauseRemark
Event: 6.182 Executing VM operation: G1PauseRemark done
Event: 6.188 Executing VM operation: G1PauseCleanup
Event: 6.189 Executing VM operation: G1PauseCleanup done
Event: 6.278 Executing VM operation: HandshakeAllThreads
Event: 6.278 Executing VM operation: HandshakeAllThreads done
Event: 6.960 Executing VM operation: G1CollectForAllocation
Event: 6.965 Executing VM operation: G1CollectForAllocation done
Event: 6.985 Executing VM operation: G1PauseRemark
Event: 6.997 Executing VM operation: G1PauseRemark done
Event: 7.004 Executing VM operation: G1PauseCleanup
Event: 7.005 Executing VM operation: G1PauseCleanup done
Event: 7.735 Executing VM operation: G1CollectForAllocation
Event: 7.738 Executing VM operation: G1CollectForAllocation done
Event: 8.015 Executing VM operation: HandshakeAllThreads
Event: 8.015 Executing VM operation: HandshakeAllThreads done
Event: 8.562 Executing VM operation: G1CollectForAllocation
Event: 8.566 Executing VM operation: G1CollectForAllocation done

Memory protections (0 events):
No events

Nmethod flushes (0 events):
No events

Events (20 events):
Event: 0.464 Thread 0x0000016442101b70 Thread added: 0x000001645c9dcd10
Event: 0.492 Loaded shared library C:\Users\rajen\.jdks\jbr-17.0.14\bin\extnet.dll
Event: 0.537 Loaded shared library C:\Users\rajen\.jdks\jbr-17.0.14\bin\jimage.dll
Event: 1.529 Thread 0x0000016442101b70 Thread added: 0x00000164a28c4e70
Event: 2.136 Loaded shared library C:\Users\rajen\.jdks\jbr-17.0.14\bin\sunmscapi.dll
Event: 2.167 Thread 0x0000016442101b70 Thread added: 0x00000164a3267a30
Event: 2.168 Thread 0x00000164a28c4e70 Thread exited: 0x00000164a28c4e70
Event: 2.213 Thread 0x00000164a3267a30 Thread exited: 0x00000164a3267a30
Event: 3.615 Loaded shared library D:\apache-tomcat-9.0.38\bin\tcnative-1.dll
Event: 4.156 Loaded shared library C:\Users\rajen\.jdks\jbr-17.0.14\bin\management.dll
Event: 4.161 Loaded shared library C:\Users\rajen\.jdks\jbr-17.0.14\bin\management_ext.dll
Event: 4.339 Thread 0x0000016442101b70 Thread added: 0x00000164a375fb70
Event: 4.340 Thread 0x00000164a375fb70 Thread added: 0x00000164a3760080
Event: 4.346 Thread 0x0000016442101b70 Thread added: 0x00000164a37614c0
Event: 4.380 Thread 0x0000016442101b70 Thread added: 0x00000164a3760590
Event: 6.388 Thread 0x0000016442101b70 Thread added: 0x00000164a3762e10
Event: 6.507 Thread 0x00000164a3762e10 Thread added: 0x00000164a375f660
Event: 8.472 Thread 0x000001645c9098e0 Thread exited: 0x000001645c9098e0
Event: 8.702 Thread 0x000001645c6c0090 Thread added: 0x00000164a4c2a050
Event: 8.710 Thread 0x000001645c6c0090 Thread added: 0x00000164a2b668b0


Dynamic libraries:
0x00007ff676dc0000 - 0x00007ff676dca000 	C:\Users\rajen\.jdks\jbr-17.0.14\bin\java.exe
0x00007ff97c5e0000 - 0x00007ff97c849000 	C:\WINDOWS\SYSTEM32\ntdll.dll
0x00007ff97b150000 - 0x00007ff97b219000 	C:\WINDOWS\System32\KERNEL32.DLL
0x00007ff979fb0000 - 0x00007ff97a3a3000 	C:\WINDOWS\System32\KERNELBASE.dll
0x00007ff979770000 - 0x00007ff9798bb000 	C:\WINDOWS\System32\ucrtbase.dll
0x00007ff961040000 - 0x00007ff961057000 	C:\Users\rajen\.jdks\jbr-17.0.14\bin\jli.dll
0x00007ff971080000 - 0x00007ff97109b000 	C:\Users\rajen\.jdks\jbr-17.0.14\bin\VCRUNTIME140.dll
0x00007ff97a8c0000 - 0x00007ff97aa84000 	C:\WINDOWS\System32\USER32.dll
0x00007ff979c20000 - 0x00007ff979c47000 	C:\WINDOWS\System32\win32u.dll
0x00007ff97c0b0000 - 0x00007ff97c0db000 	C:\WINDOWS\System32\GDI32.dll
0x00007ff979dc0000 - 0x00007ff979eed000 	C:\WINDOWS\System32\gdi32full.dll
0x00007ff979ad0000 - 0x00007ff979b73000 	C:\WINDOWS\System32\msvcp_win.dll
0x00007ff95fdc0000 - 0x00007ff960053000 	C:\WINDOWS\WinSxS\amd64_microsoft.windows.common-controls_6595b64144ccf1df_6.0.26100.5074_none_3e0d6f78e32fd63f\COMCTL32.dll
0x00007ff97c230000 - 0x00007ff97c2d9000 	C:\WINDOWS\System32\msvcrt.dll
0x00007ff97b220000 - 0x00007ff97b24f000 	C:\WINDOWS\System32\IMM32.DLL
0x00007ff9718b0000 - 0x00007ff9718bc000 	C:\Users\rajen\.jdks\jbr-17.0.14\bin\vcruntime140_1.dll
0x00007ff936980000 - 0x00007ff936a0d000 	C:\Users\rajen\.jdks\jbr-17.0.14\bin\msvcp140.dll
0x00007ff920620000 - 0x00007ff9212ae000 	C:\Users\rajen\.jdks\jbr-17.0.14\bin\server\jvm.dll
0x00007ff97a6a0000 - 0x00007ff97a754000 	C:\WINDOWS\System32\ADVAPI32.dll
0x00007ff97aa90000 - 0x00007ff97ab36000 	C:\WINDOWS\System32\sechost.dll
0x00007ff97c100000 - 0x00007ff97c218000 	C:\WINDOWS\System32\RPCRT4.dll
0x00007ff97ac40000 - 0x00007ff97acb4000 	C:\WINDOWS\System32\WS2_32.dll
0x00007ff978380000 - 0x00007ff9783de000 	C:\WINDOWS\SYSTEM32\POWRPROF.dll
0x00007ff96f290000 - 0x00007ff96f29b000 	C:\WINDOWS\SYSTEM32\VERSION.dll
0x00007ff96bf20000 - 0x00007ff96bf55000 	C:\WINDOWS\SYSTEM32\WINMM.dll
0x00007ff978360000 - 0x00007ff978374000 	C:\WINDOWS\SYSTEM32\UMPDC.dll
0x00007ff978650000 - 0x00007ff97866b000 	C:\WINDOWS\SYSTEM32\kernel.appcore.dll
0x00007ff971070000 - 0x00007ff97107a000 	C:\Users\rajen\.jdks\jbr-17.0.14\bin\jimage.dll
0x00007ff977080000 - 0x00007ff9772c2000 	C:\WINDOWS\SYSTEM32\DBGHELP.DLL
0x00007ff97ba90000 - 0x00007ff97be0b000 	C:\WINDOWS\System32\combase.dll
0x00007ff97b9b0000 - 0x00007ff97ba87000 	C:\WINDOWS\System32\OLEAUT32.dll
0x00007ff95f630000 - 0x00007ff95f66d000 	C:\WINDOWS\SYSTEM32\dbgcore.DLL
0x00007ff979b80000 - 0x00007ff979c19000 	C:\WINDOWS\System32\bcryptPrimitives.dll
0x00007ff96f810000 - 0x00007ff96f81e000 	C:\Users\rajen\.jdks\jbr-17.0.14\bin\instrument.dll
0x00007ff95b7a0000 - 0x00007ff95b7c5000 	C:\Users\rajen\.jdks\jbr-17.0.14\bin\java.dll
0x00007ff930460000 - 0x00007ff930537000 	C:\Users\rajen\.jdks\jbr-17.0.14\bin\jsvml.dll
0x00007ff97b260000 - 0x00007ff97b9ad000 	C:\WINDOWS\System32\SHELL32.dll
0x00007ff979c50000 - 0x00007ff979dbc000 	C:\WINDOWS\System32\wintypes.dll
0x00007ff9773b0000 - 0x00007ff977c09000 	C:\WINDOWS\SYSTEM32\windows.storage.dll
0x00007ff97a590000 - 0x00007ff97a680000 	C:\WINDOWS\System32\SHCORE.dll
0x00007ff97c4a0000 - 0x00007ff97c502000 	C:\WINDOWS\System32\shlwapi.dll
0x00007ff979690000 - 0x00007ff9796b9000 	C:\WINDOWS\SYSTEM32\profapi.dll
0x00007ff958a70000 - 0x00007ff958a88000 	C:\Users\rajen\.jdks\jbr-17.0.14\bin\zip.dll
0x00007ff958210000 - 0x00007ff958229000 	C:\Users\rajen\.jdks\jbr-17.0.14\bin\net.dll
0x00007ff96fed0000 - 0x00007ff96ffef000 	C:\WINDOWS\SYSTEM32\WINHTTP.dll
0x00007ff978bf0000 - 0x00007ff978c5b000 	C:\WINDOWS\system32\mswsock.dll
0x00007ff948860000 - 0x00007ff948876000 	C:\Users\rajen\.jdks\jbr-17.0.14\bin\nio.dll
0x00007ff9653a0000 - 0x00007ff9653a9000 	C:\Users\rajen\.jdks\jbr-17.0.14\bin\extnet.dll
0x00007ff964590000 - 0x00007ff96459e000 	C:\Users\rajen\.jdks\jbr-17.0.14\bin\sunmscapi.dll
0x00007ff9798c0000 - 0x00007ff979a37000 	C:\WINDOWS\System32\CRYPT32.dll
0x00007ff9790b0000 - 0x00007ff9790e0000 	C:\WINDOWS\SYSTEM32\ncrypt.dll
0x00007ff979060000 - 0x00007ff97909f000 	C:\WINDOWS\SYSTEM32\NTASN1.dll
0x0000000180000000 - 0x0000000180285000 	D:\apache-tomcat-9.0.38\bin\tcnative-1.dll
0x00007ff97c040000 - 0x00007ff97c048000 	C:\WINDOWS\System32\PSAPI.DLL
0x00007ff978ea0000 - 0x00007ff978ebb000 	C:\WINDOWS\SYSTEM32\CRYPTSP.dll
0x00007ff9785a0000 - 0x00007ff9785db000 	C:\WINDOWS\system32\rsaenh.dll
0x00007ff978c90000 - 0x00007ff978cbb000 	C:\WINDOWS\SYSTEM32\USERENV.dll
0x00007ff979660000 - 0x00007ff979686000 	C:\WINDOWS\SYSTEM32\bcrypt.dll
0x00007ff978e90000 - 0x00007ff978e9c000 	C:\WINDOWS\SYSTEM32\CRYPTBASE.dll
0x00007ff977fa0000 - 0x00007ff977fd4000 	C:\WINDOWS\SYSTEM32\IPHLPAPI.DLL
0x00007ff97c220000 - 0x00007ff97c22a000 	C:\WINDOWS\System32\NSI.dll
0x00007ff9710e0000 - 0x00007ff9710fe000 	C:\WINDOWS\SYSTEM32\dhcpcsvc6.DLL
0x00007ff970f00000 - 0x00007ff970f23000 	C:\WINDOWS\SYSTEM32\dhcpcsvc.DLL
0x00007ff978040000 - 0x00007ff978166000 	C:\WINDOWS\SYSTEM32\DNSAPI.dll
0x00007ff960680000 - 0x00007ff960689000 	C:\Users\rajen\.jdks\jbr-17.0.14\bin\management.dll
0x00007ff960610000 - 0x00007ff96061b000 	C:\Users\rajen\.jdks\jbr-17.0.14\bin\management_ext.dll
0x00007ff96f860000 - 0x00007ff96f870000 	C:\Users\rajen\.jdks\jbr-17.0.14\bin\verify.dll
0x00007ff970350000 - 0x00007ff97035b000 	C:\Windows\System32\rasadhlp.dll
0x00007ff971360000 - 0x00007ff9713e6000 	C:\WINDOWS\System32\fwpuclnt.dll

dbghelp: loaded successfully - version: 4.0.5 - missing functions: none
symbol engine: initialized successfully - sym options: 0x614 - pdb path: .;C:\Users\rajen\.jdks\jbr-17.0.14\bin;C:\WINDOWS\SYSTEM32;C:\WINDOWS\WinSxS\amd64_microsoft.windows.common-controls_6595b64144ccf1df_6.0.26100.5074_none_3e0d6f78e32fd63f;C:\Users\rajen\.jdks\jbr-17.0.14\bin\server;D:\apache-tomcat-9.0.38\bin

VM Arguments:
jvm_args: -javaagent:C:\Program Files\JetBrains\IntelliJ IDEA Community Edition 2023.3.6\New folder\New folder\IntelliJ IDEA Community Edition 2023.3.6\lib\idea_rt.jar=61557 -Dfile.encoding=UTF-8 
java_command: com.xworkz.springboot_backend.SpringbootBackendApplication
java_class_path (initial): C:\Users\Public\Documents\Downloads\springboot-backend\springboot-backend\target\classes;C:\Users\rajen\.m2\repository\org\springframework\boot\spring-boot-starter-data-jpa\3.4.1\spring-boot-starter-data-jpa-3.4.1.jar;C:\Users\rajen\.m2\repository\org\springframework\boot\spring-boot-starter\3.4.1\spring-boot-starter-3.4.1.jar;C:\Users\rajen\.m2\repository\org\springframework\boot\spring-boot\3.4.1\spring-boot-3.4.1.jar;C:\Users\rajen\.m2\repository\org\springframework\boot\spring-boot-autoconfigure\3.4.1\spring-boot-autoconfigure-3.4.1.jar;C:\Users\rajen\.m2\repository\org\springframework\boot\spring-boot-starter-logging\3.4.1\spring-boot-starter-logging-3.4.1.jar;C:\Users\rajen\.m2\repository\ch\qos\logback\logback-classic\1.5.12\logback-classic-1.5.12.jar;C:\Users\rajen\.m2\repository\ch\qos\logback\logback-core\1.5.12\logback-core-1.5.12.jar;C:\Users\rajen\.m2\repository\org\apache\logging\log4j\log4j-to-slf4j\2.24.3\log4j-to-slf4j-2.24.3.jar;C:\Users\rajen\.m2\repository\org\apache\logging\log4j\log4j-api\2.24.3\log4j-api-2.24.3.jar;C:\Users\rajen\.m2\repository\org\slf4j\jul-to-slf4j\2.0.16\jul-to-slf4j-2.0.16.jar;C:\Users\rajen\.m2\repository\jakarta\annotation\jakarta.annotation-api\2.1.1\jakarta.annotation-api-2.1.1.jar;C:\Users\rajen\.m2\repository\org\yaml\snakeyaml\2.3\snakeyaml-2.3.jar;C:\Users\rajen\.m2\repository\org\springframework\boot\spring-boot-starter-jdbc\3.4.1\spring-boot-starter-jdbc-3.4.1.jar;C:\Users\rajen\.m2\repository\com\zaxxer\HikariCP\5.1.0\HikariCP-5.1.0.jar;C:\Users\rajen\.m2\repository\org\springframework\spring-jdbc\6.2.1\spring-jdbc-6.2.1.jar;C:\Users\rajen\.m2\repository\org\hibernate\orm\hibernate-core\6.6.4.Final\hibernate-core-6.6.4.Final.jar;C:\Users\rajen\.m2\repository\jakarta\persistence\jakarta.persistence-api\3.1.0\jakarta.persistence-api-3.1.0.jar;C:\Users\rajen\.m2\repository\jakarta\transaction\jakarta.transaction-api\2.0.1\jakarta.transaction-api-2.0.1.jar;C:\Users\rajen\.m2\repository\o
Launcher Type: SUN_STANDARD

[Global flags]
     intx CICompilerCount                          = 4                                         {product} {ergonomic}
     uint ConcGCThreads                            = 3                                         {product} {ergonomic}
     uint G1ConcRefinementThreads                  = 10                                        {product} {ergonomic}
   size_t G1HeapRegionSize                         = 1048576                                   {product} {ergonomic}
    uintx GCDrainStackTargetSize                   = 64                                        {product} {ergonomic}
   size_t InitialHeapSize                          = 130023424                                 {product} {ergonomic}
   size_t MarkStackSize                            = 4194304                                   {product} {ergonomic}
   size_t MaxHeapSize                              = 2076180480                                {product} {ergonomic}
   size_t MaxNewSize                               = 1245708288                                {product} {ergonomic}
   size_t MinHeapDeltaBytes                        = 1048576                                   {product} {ergonomic}
   size_t MinHeapSize                              = 8388608                                   {product} {ergonomic}
    uintx NonNMethodCodeHeapSize                   = 5839372                                {pd product} {ergonomic}
    uintx NonProfiledCodeHeapSize                  = 122909434                              {pd product} {ergonomic}
    uintx ProfiledCodeHeapSize                     = 122909434                              {pd product} {ergonomic}
    uintx ReservedCodeCacheSize                    = 251658240                              {pd product} {ergonomic}
     bool SegmentedCodeCache                       = true                                      {product} {ergonomic}
   size_t SoftMaxHeapSize                          = 2076180480                             {manageable} {ergonomic}
     bool UseCompressedClassPointers               = true                           {product lp64_product} {ergonomic}
     bool UseCompressedOops                        = true                           {product lp64_product} {ergonomic}
     bool UseG1GC                                  = true                                      {product} {ergonomic}
     bool UseLargePagesIndividualAllocation        = false                                  {pd product} {ergonomic}

Logging:
Log output configuration:
 #0: stdout all=warning uptime,level,tags
 #1: stderr all=off uptime,level,tags

Environment Variables:
JAVA_HOME=C:\Program Files\Java\jdk-17
PATH=C:\Program Files\Common Files\Oracle\Java\javapath;C:\Program Files (x86)\Common Files\Oracle\Java\javapath;C:\Windows\system32;C:\Windows;C:\Windows\System32\Wbem;C:\Windows\System32\WindowsPowerShell\v1.0\;C:\Windows\System32\OpenSSH\;C:\Program Files (x86)\NVIDIA Corporation\PhysX\Common;C:\Program Files\NVIDIA Corporation\NVIDIA NvDLISR;C:\Program Files\Git\cmd;C:\WINDOWS\system32;C:\WINDOWS;C:\WINDOWS\System32\Wbem;C:\WINDOWS\System32\WindowsPowerShell\v1.0\;C:\WINDOWS\System32\OpenSSH\;C:\Program Files\nodejs\;C:\Program Files\Docker\Docker\resources\bin;E:\gradle-8.14.3-bin\gradle-8.14.3\bin;C:\Program Files\MySQL\MySQL Shell 8.0\bin\;C:\Users\rajen\AppData\Local\Microsoft\WindowsApps;C:\Users\rajen\AppData\Local\Programs\Microsoft VS Code\bin;D:\apache-tomcat-9.0.38\bin;C:\Program Files\Java\jdk-17\bin;C:\Users\rajen\AppData\Roaming\npm;C:\Users\rajen\Downloads\winlibs-x86_64-posix-seh-gcc-15.1.0-mingw-w64msvcrt-12.0.0-r1\mingw64\bin;
USERNAME=rajen
OS=Windows_NT
PROCESSOR_IDENTIFIER=Intel64 Family 6 Model 141 Stepping 1, GenuineIntel
TMP=C:\Users\rajen\AppData\Local\Temp
TEMP=C:\Users\rajen\AppData\Local\Temp



Periodic native trim disabled

JNI global refs:
JNI global refs: 21, weak refs: 0

JNI global refs memory usage: 843, weak refs: 841

Process memory usage:
Resident Set Size: 278228K (3% of 8104788K total physical memory with 681456K free physical memory)

OOME stack traces (most recent first):
Classloader memory used:
